Arguments: 
  C:\Users\pegel\AppData\Roaming\nvm\v18.9.1\node.exe C:\Users\pegel\.yarn\bin\yarn.js add sequelize-cli

PATH: 
  C:\Users\pegel\.yarn\bin;C:\Users\pegel\.config\yarn\global\node_modules\.bin;C:\Users\pegel\bin;C:\Program Files\Git\mingw64\bin;C:\Program Files\Git\usr\local\bin;C:\Program Files\Git\usr\bin;C:\Program Files\Git\usr\bin;C:\Program Files\Git\mingw64\bin;C:\Program Files\Git\usr\bin;C:\Users\pegel\bin;C:\Program Files (x86)\Common Files\Intel\Shared Libraries\redist\ia32\compiler;C:\Program Files (x86)\Common Files\Intel\Shared Libraries\redist\intel64\compiler;C:\Windows\system32;C:\Windows;C:\Windows\System32\Wbem;C:\Windows\System32\WindowsPowerShell\v1.0;C:\Windows\System32\OpenSSH;C:\Program Files\WireGuard;C:\Users\pegel\AppData\Roaming\nvm;C:\Program Files\nodejs;C:\Program Files (x86)\Yarn\bin;C:\Program Files\Git\cmd;C:\Users\pegel\AppData\Local\Microsoft\WindowsApps;C:\Users\pegel\AppData\Local\Programs\Microsoft VS Code\bin;C:\xampp\php;D:\Program Files\PhpStorm 2022.1.2\bin;C:\Users\pegel\AppData\Roaming\nvm;C:\Program Files\nodejs;C:\Users\pegel\AppData\Local\Yarn\bin;C:\Program Files\Git\usr\bin\vendor_perl;C:\Program Files\Git\usr\bin\core_perl

Yarn version: 
  1.22.19

Node version: 
  18.9.1

Platform: 
  win32 x64

Trace: 
  Error: getaddrinfo ENOTFOUND registry.yarnpkg.com
      at GetAddrInfoReqWrap.onlookup [as oncomplete] (node:dns:111:26)

npm manifest: 
  {
    "name": "hapi",
    "version": "1.0.0",
    "description": "",
    "main": "index.js",
    "scripts": {
      "test": "echo \"Error: no test specified\" && exit 1",
      "start": "nodemon ./src/server.js"
    },
    "author": "",
    "license": "ISC",
    "dependencies": {
      "@hapi/hapi": "^21.1.0",
      "@hapi/inert": "^7.0.0",
      "hapi-geo-locate": "^4.1.1",
      "pg": "^8.8.0",
      "pg-hstore": "^2.3.4",
      "sequelize": "^6.28.0"
    }
  }

yarn manifest: 
  No manifest

Lockfile: 
  # THIS IS AN AUTOGENERATED FILE. DO NOT EDIT THIS FILE DIRECTLY.
  # yarn lockfile v1
  
  
  "@hapi/accept@^6.0.0":
    version "6.0.0"
    resolved "https://registry.yarnpkg.com/@hapi/accept/-/accept-6.0.0.tgz#360d6a12c7597489b19ad7830b41e3c38fe8c8c4"
    integrity sha512-aG/Ml4kSBWCVmWvR8N8ULRuB385D8K/3OI7lquZQruH11eM7sHR5Nha30BbDzijJHtyV7Vwc6MlMwNfwb70ISg==
    dependencies:
      "@hapi/boom" "^10.0.0"
      "@hapi/hoek" "^10.0.0"
  
  "@hapi/ammo@^6.0.0":
    version "6.0.0"
    resolved "https://registry.yarnpkg.com/@hapi/ammo/-/ammo-6.0.0.tgz#da790bf5ad5d08b4b68569e57627466ddd60cb45"
    integrity sha512-lhX7SYtWScQaeAIL5XnE54WzyDgS5RXVeEtFEovyZcTdVzTYbo0nem56Bwko1PBcRxRUIw1v2tMb6sjFs6vEwg==
    dependencies:
      "@hapi/hoek" "^10.0.0"
  
  "@hapi/b64@^6.0.0":
    version "6.0.0"
    resolved "https://registry.yarnpkg.com/@hapi/b64/-/b64-6.0.0.tgz#1d6bd751568964d20649c2247abb80c2d1bcf56e"
    integrity sha512-Es6o4BtzvMmNF28KJGuwUzUtMjF6ToZ1hQt3UOjaXc6TNkRefel+NyQSjc9b5q3Re7xwv23r0xK3Vo3yreaJHQ==
    dependencies:
      "@hapi/hoek" "^10.0.0"
  
  "@hapi/boom@^10.0.0":
    version "10.0.0"
    resolved "https://registry.yarnpkg.com/@hapi/boom/-/boom-10.0.0.tgz#3624831d0a26b3378423b246f50eacea16e04a08"
    integrity sha512-1YVs9tLHhypBqqinKQRqh7FUERIolarQApO37OWkzD+z6y6USi871Sv746zBPKcIOBuI6g6y4FrwX87mmJ90Gg==
    dependencies:
      "@hapi/hoek" "10.x.x"
  
  "@hapi/bounce@^3.0.0":
    version "3.0.0"
    resolved "https://registry.yarnpkg.com/@hapi/bounce/-/bounce-3.0.0.tgz#ba0594472775b75b802843805adffe59e3231d38"
    integrity sha512-L0G4NcwwOYRhpcXeL76hNrLTUcObqtZMB3z4kcRVUZcR/w3v6C5Q1cTElV4/V7og1fG+wOyDR55UMFA+tWfhtA==
    dependencies:
      "@hapi/boom" "^10.0.0"
      "@hapi/hoek" "^10.0.0"
  
  "@hapi/bourne@^3.0.0":
    version "3.0.0"
    resolved "https://registry.yarnpkg.com/@hapi/bourne/-/bourne-3.0.0.tgz#f11fdf7dda62fe8e336fa7c6642d9041f30356d7"
    integrity sha512-Waj1cwPXJDucOib4a3bAISsKJVb15MKi9IvmTI/7ssVEm6sywXGjVJDhl6/umt1pK1ZS7PacXU3A1PmFKHEZ2w==
  
  "@hapi/call@^9.0.0":
    version "9.0.0"
    resolved "https://registry.yarnpkg.com/@hapi/call/-/call-9.0.0.tgz#add16e7cb81933ae5b549f7e26e411ef803ebc98"
    integrity sha512-Z6byqbEtKF3RIH2kWG6cX64RwEqHBWYEVkNoEx6oKvkPaTrC6WTPRgr+ANo9Xa8G1GXyvs/NCMTnn3Mdj12TSA==
    dependencies:
      "@hapi/boom" "^10.0.0"
      "@hapi/hoek" "^10.0.0"
  
  "@hapi/catbox-memory@^6.0.0":
    version "6.0.0"
    resolved "https://registry.yarnpkg.com/@hapi/catbox-memory/-/catbox-memory-6.0.0.tgz#928efa20d291a7b95920921cb0718fcd874a131c"
    integrity sha512-A1O30g8GdaODx/GinytF6jFm772pdTPVWJe0cF2RiTOfhgIAAagzCcpBqRgQ8olLui0F5bzUF/SAi4BmkZ4yxA==
    dependencies:
      "@hapi/boom" "^10.0.0"
      "@hapi/hoek" "^10.0.0"
  
  "@hapi/catbox@^12.0.0":
    version "12.1.0"
    resolved "https://registry.yarnpkg.com/@hapi/catbox/-/catbox-12.1.0.tgz#4119e580cb9a2be6d88d74ca901ed21f94f2bc6c"
    integrity sha512-60MCN5lgaXcuRTjMZqLR+DV0clS5RAFAwfYAQU2/na6PqrXHDRQcJwVMwP7jJayCrJm4POJlLDzZLuh1ba5XUg==
    dependencies:
      "@hapi/boom" "^10.0.0"
      "@hapi/hoek" "^10.0.0"
      "@hapi/podium" "^5.0.0"
      "@hapi/validate" "^2.0.0"
  
  "@hapi/content@^6.0.0":
    version "6.0.0"
    resolved "https://registry.yarnpkg.com/@hapi/content/-/content-6.0.0.tgz#2427af3bac8a2f743512fce2a70cbdc365af29df"
    integrity sha512-CEhs7j+H0iQffKfe5Htdak5LBOz/Qc8TRh51cF+BFv0qnuph3Em4pjGVzJMkI2gfTDdlJKWJISGWS1rK34POGA==
    dependencies:
      "@hapi/boom" "^10.0.0"
  
  "@hapi/cryptiles@^6.0.0":
    version "6.0.0"
    resolved "https://registry.yarnpkg.com/@hapi/cryptiles/-/cryptiles-6.0.0.tgz#730294830b04de9a35a83d7609eb67338dae6c5e"
    integrity sha512-CUypQJI2F3HaKZjwlky3KyLu7p0O4WJXNJj+2AZ0czqwkwQIz8j+btOkzA3OMar8WTntnCrDx0f92PzxEK+JlA==
    dependencies:
      "@hapi/boom" "^10.0.0"
  
  "@hapi/file@^3.0.0":
    version "3.0.0"
    resolved "https://registry.yarnpkg.com/@hapi/file/-/file-3.0.0.tgz#f1fd824493ac89a6fceaf89c824afc5ae2121c09"
    integrity sha512-w+lKW+yRrLhJu620jT3y+5g2mHqnKfepreykvdOcl9/6up8GrQQn+l3FRTsjHTKbkbfQFkuksHpdv2EcpKcJ4Q==
  
  "@hapi/hapi@^21.1.0":
    version "21.1.0"
    resolved "https://registry.yarnpkg.com/@hapi/hapi/-/hapi-21.1.0.tgz#0936480a92a4c57f4f49004ac857fe41dcd7fadb"
    integrity sha512-het7j9yLXZMVU1IvtN2JXkPkn/UcU1j8gsZxMS0Mu1q7791IQeyhT37tpRPUhqerOtL6L0E8Z8CvVVFOYxoN6w==
    dependencies:
      "@hapi/accept" "^6.0.0"
      "@hapi/ammo" "^6.0.0"
      "@hapi/boom" "^10.0.0"
      "@hapi/bounce" "^3.0.0"
      "@hapi/call" "^9.0.0"
      "@hapi/catbox" "^12.0.0"
      "@hapi/catbox-memory" "^6.0.0"
      "@hapi/heavy" "^8.0.0"
      "@hapi/hoek" "^10.0.0"
      "@hapi/mimos" "^7.0.0"
      "@hapi/podium" "^5.0.0"
      "@hapi/shot" "^6.0.0"
      "@hapi/somever" "^4.1.0"
      "@hapi/statehood" "^8.0.0"
      "@hapi/subtext" "^8.0.0"
      "@hapi/teamwork" "^6.0.0"
      "@hapi/topo" "^6.0.0"
      "@hapi/validate" "^2.0.0"
  
  "@hapi/heavy@^8.0.0":
    version "8.0.0"
    resolved "https://registry.yarnpkg.com/@hapi/heavy/-/heavy-8.0.0.tgz#756c5170d1e8a9de10601489e250d00e1ecb5a49"
    integrity sha512-NpKo74mF66GSwYu31IZwp11/6NmaUYxHeMTKSky09XBs8fVbzQDP83856+l+Ji6wxGmUeg75itCu1ujvEF6mdA==
    dependencies:
      "@hapi/boom" "^10.0.0"
      "@hapi/hoek" "^10.0.0"
      "@hapi/validate" "^2.0.0"
  
  "@hapi/hoek@10.x.x", "@hapi/hoek@^10.0.0":
    version "10.0.1"
    resolved "https://registry.yarnpkg.com/@hapi/hoek/-/hoek-10.0.1.tgz#ee9da297fabc557e1c040a0f44ee89c266ccc306"
    integrity sha512-CvlW7jmOhWzuqOqiJQ3rQVLMcREh0eel4IBnxDx2FAcK8g7qoJRQK4L1CPBASoCY6y8e6zuCy3f2g+HWdkzcMw==
  
  "@hapi/hoek@^9.0.0":
    version "9.3.0"
    resolved "https://registry.yarnpkg.com/@hapi/hoek/-/hoek-9.3.0.tgz#8368869dcb735be2e7f5cb7647de78e167a251fb"
    integrity sha512-/c6rf4UJlmHlC9b5BaNvzAcFv7HZ2QHaV0D4/HNlBdvFnvQq8RI4kYdhyPCl7Xj+oWvTWQ8ujhqS53LIgAe6KQ==
  
  "@hapi/inert@^7.0.0":
    version "7.0.0"
    resolved "https://registry.yarnpkg.com/@hapi/inert/-/inert-7.0.0.tgz#27d45d937314cfaf5fa2ab7054269f299cb7eca2"
    integrity sha512-aJvH8rKYF42YY/XZLtq5LOWyk71GRIlcqRgvRyz+XQnj2DTdSZeerUcsxV2kyzJVm9gdemVwHp00foLfKadbMg==
    dependencies:
      "@hapi/ammo" "^6.0.0"
      "@hapi/boom" "^10.0.0"
      "@hapi/bounce" "^3.0.0"
      "@hapi/hoek" "^10.0.0"
      "@hapi/validate" "^2.0.0"
      lru-cache "^7.10.2"
  
  "@hapi/iron@^7.0.0":
    version "7.0.0"
    resolved "https://registry.yarnpkg.com/@hapi/iron/-/iron-7.0.0.tgz#8a69b3e4cd69e908baf23cfeeb6c06d27b53a3bc"
    integrity sha512-NNXJP5fpeiTCPj/4OJG2PWBjWC0/V5D8YggS9RZeuBbfUUuTYE6TbdGqLUsCzIpPI54I8W5dhwEGbRv1CnWQtw==
    dependencies:
      "@hapi/b64" "^6.0.0"
      "@hapi/boom" "^10.0.0"
      "@hapi/bourne" "^3.0.0"
      "@hapi/cryptiles" "^6.0.0"
      "@hapi/hoek" "^10.0.0"
  
  "@hapi/mimos@^7.0.0":
    version "7.0.0"
    resolved "https://registry.yarnpkg.com/@hapi/mimos/-/mimos-7.0.0.tgz#bbe4130bb0235e63d75718f9d8b8f7401532e217"
    integrity sha512-ALORTrZrrBPOUX05rW4htNajoekEjQtUi1PB+17/3xs/hkdQ+gSEFbs5GdJihA49qWf7td3v4PgnvOe8mcf/jQ==
    dependencies:
      "@hapi/hoek" "^10.0.0"
      mime-db "^1.52.0"
  
  "@hapi/nigel@^5.0.0":
    version "5.0.0"
    resolved "https://registry.yarnpkg.com/@hapi/nigel/-/nigel-5.0.0.tgz#f26c2be2d20d9b07df238b71544e80a7ecc7655e"
    integrity sha512-I9eq43BnSdz1BkvMpG7mFL7J+SIfn6DLNThuxFpIOAMUnkWbPgtcFP+HHrBAeoFkowfgQrr02vsIAkAPml4hvw==
    dependencies:
      "@hapi/hoek" "^10.0.0"
      "@hapi/vise" "^5.0.0"
  
  "@hapi/pez@^6.0.0":
    version "6.0.0"
    resolved "https://registry.yarnpkg.com/@hapi/pez/-/pez-6.0.0.tgz#eb80329439436732acf4f331117c825b95329211"
    integrity sha512-3bMmsvlqrVNqaNEe4JWLZVpJ40jXuQ3vDy1+fbhyJmuAdMCMCkWexsKc7fT+mu18pFIwJzlenjc4/VE3weTq7w==
    dependencies:
      "@hapi/b64" "^6.0.0"
      "@hapi/boom" "^10.0.0"
      "@hapi/content" "^6.0.0"
      "@hapi/hoek" "^10.0.0"
      "@hapi/nigel" "^5.0.0"
  
  "@hapi/podium@^5.0.0":
    version "5.0.0"
    resolved "https://registry.yarnpkg.com/@hapi/podium/-/podium-5.0.0.tgz#b32fba98a0ebb0a1ee233cb77339da84322d77ae"
    integrity sha512-SbhFdu8LOIscMS82Zsoj9abcllAqbK4qBgznzJ9yr+vS2j1EomJTukkhxb76Lml0BHCd4Hn79F+3EQg06kcf8g==
    dependencies:
      "@hapi/hoek" "^10.0.0"
      "@hapi/teamwork" "^6.0.0"
      "@hapi/validate" "^2.0.0"
  
  "@hapi/shot@^6.0.0":
    version "6.0.0"
    resolved "https://registry.yarnpkg.com/@hapi/shot/-/shot-6.0.0.tgz#ed87a26dcb25c930293ae690830d3479dbf4e75a"
    integrity sha512-RLGgzXy9GciJDunhY40NbVnLgYqp5gfBooZ2fOkAr4KbCEav/SJtYQS1N+knR7WFGzy8aooCR3XBUPI4ghHAkQ==
    dependencies:
      "@hapi/hoek" "^10.0.0"
      "@hapi/validate" "^2.0.0"
  
  "@hapi/somever@^4.1.0":
    version "4.1.0"
    resolved "https://registry.yarnpkg.com/@hapi/somever/-/somever-4.1.0.tgz#021f16da2a4f28924d520bfeeb8efca329b99fe1"
    integrity sha512-koNBYu7Jdcb7gaC4VcnU78rFxSlsYwuElm6NMznE0EEeznzJtvLLmDZX0SPX8kXWC/E7ONlE29HF/yiSOgWG1Q==
    dependencies:
      "@hapi/bounce" "^3.0.0"
      "@hapi/hoek" "^9.0.0"
  
  "@hapi/statehood@^8.0.0":
    version "8.0.0"
    resolved "https://registry.yarnpkg.com/@hapi/statehood/-/statehood-8.0.0.tgz#ca0b1c1ddeece82f4981a01d95e0d963f39c7cae"
    integrity sha512-umQTPID7BwmqAv9Rx7yLtbTNzsYg4va96aLqKneb3mlBQG32uq4iOQZ6luwBVACDFhqU3C3ewhznhukN09ZkZQ==
    dependencies:
      "@hapi/boom" "^10.0.0"
      "@hapi/bounce" "^3.0.0"
      "@hapi/bourne" "^3.0.0"
      "@hapi/cryptiles" "^6.0.0"
      "@hapi/hoek" "^10.0.0"
      "@hapi/iron" "^7.0.0"
      "@hapi/validate" "^2.0.0"
  
  "@hapi/subtext@^8.0.0":
    version "8.0.0"
    resolved "https://registry.yarnpkg.com/@hapi/subtext/-/subtext-8.0.0.tgz#40ca7303f141a19b6b1db997660a68ab64a03494"
    integrity sha512-fD+LY1U1SIUNHZJrNMIbuGl3CAd9JN8slljarFO4b8RrifkzjqbvdlZu/6iT6zlNM35GtDExf7hIepbUFUkT7A==
    dependencies:
      "@hapi/boom" "^10.0.0"
      "@hapi/bourne" "^3.0.0"
      "@hapi/content" "^6.0.0"
      "@hapi/file" "^3.0.0"
      "@hapi/hoek" "^10.0.0"
      "@hapi/pez" "^6.0.0"
      "@hapi/wreck" "^18.0.0"
  
  "@hapi/teamwork@^6.0.0":
    version "6.0.0"
    resolved "https://registry.yarnpkg.com/@hapi/teamwork/-/teamwork-6.0.0.tgz#b3a173cf811ba59fc6ee22318a1b51f4561f06e0"
    integrity sha512-05HumSy3LWfXpmJ9cr6HzwhAavrHkJ1ZRCmNE2qJMihdM5YcWreWPfyN0yKT2ZjCM92au3ZkuodjBxOibxM67A==
  
  "@hapi/topo@^6.0.0":
    version "6.0.0"
    resolved "https://registry.yarnpkg.com/@hapi/topo/-/topo-6.0.0.tgz#6548e23e0a3d3b117eb0671dba49f654c9224c21"
    integrity sha512-aorJvN1Q1n5xrZuA50Z4X6adI6VAM2NalIVm46ALL9LUvdoqhof3JPY69jdJH8asM3PsWr2SUVYzp57EqUP41A==
    dependencies:
      "@hapi/hoek" "^10.0.0"
  
  "@hapi/validate@^2.0.0":
    version "2.0.0"
    resolved "https://registry.yarnpkg.com/@hapi/validate/-/validate-2.0.0.tgz#16595de18b2c29621f06f4b29dcc39750c4b94a3"
    integrity sha512-w5m8MvBgqGndbMIB+AWmXTb8CLtF1DlIxbnbAHNAo7aFuNQuI1Ywc2e0zDLK5fbFXDoqRzNrHnC7JjNJ+hDigw==
    dependencies:
      "@hapi/hoek" "^10.0.0"
      "@hapi/topo" "^6.0.0"
  
  "@hapi/vise@^5.0.0":
    version "5.0.0"
    resolved "https://registry.yarnpkg.com/@hapi/vise/-/vise-5.0.0.tgz#d10f393a61cfecdb1a3d5ac1546c2c3293413777"
    integrity sha512-bz/PA7DHIvsd/2eoW7t9WpU8+k9pofZHppYEn1mCTOVnC/cGN3hCEYaoAe6BpoeJM72iJDKZEOWvQvfgCrmzxA==
    dependencies:
      "@hapi/hoek" "^10.0.0"
  
  "@hapi/wreck@^18.0.0":
    version "18.0.0"
    resolved "https://registry.yarnpkg.com/@hapi/wreck/-/wreck-18.0.0.tgz#73da0a238ef5bc45197b4a5fee3b6901d64dd381"
    integrity sha512-Yk9STxoM06Hjjq58cH0KFG91u9F2h9eVE72o8vUr3AfK80qt7I2POG5+cDGTEntbnvvzm0ERow2sjG3QsqCWUA==
    dependencies:
      "@hapi/boom" "^10.0.0"
      "@hapi/bourne" "^3.0.0"
      "@hapi/hoek" "^10.0.0"
  
  "@supercharge/request-ip@~1.0.0":
    version "1.0.0"
    resolved "https://registry.yarnpkg.com/@supercharge/request-ip/-/request-ip-1.0.0.tgz#11e975772b71e6460b955153333e37ae08432ae8"
    integrity sha512-9602+TvLqiUIgt1iomN0eZMlX7NsFu+MuUg6Y4AovgI9tX41kaxat3JnEjKWoFzBIgiTcEaXrd6UESImNVBYRA==
  
  "@types/debug@^4.1.7":
    version "4.1.7"
    resolved "https://registry.yarnpkg.com/@types/debug/-/debug-4.1.7.tgz#7cc0ea761509124709b8b2d1090d8f6c17aadb82"
    integrity sha512-9AonUzyTjXXhEOa0DnqpzZi6VHlqKMswga9EXjpXnnqxwLtdvPPtlO8evrI5D9S6asFRCQ6v+wpiUKbw+vKqyg==
    dependencies:
      "@types/ms" "*"
  
  "@types/ms@*":
    version "0.7.31"
    resolved "https://registry.yarnpkg.com/@types/ms/-/ms-0.7.31.tgz#31b7ca6407128a3d2bbc27fe2d21b345397f6197"
    integrity sha512-iiUgKzV9AuaEkZqkOLDIvlQiL6ltuZd9tGcW3gwpnX8JbuiuhFlEGmmFXEXkN50Cvq7Os88IY2v0dkDqXYWVgA==
  
  "@types/node@*":
    version "18.11.18"
    resolved "https://registry.yarnpkg.com/@types/node/-/node-18.11.18.tgz#8dfb97f0da23c2293e554c5a50d61ef134d7697f"
    integrity sha512-DHQpWGjyQKSHj3ebjFI/wRKcqQcdR+MoFBygntYOZytCqNfkd2ZC4ARDJ2DQqhjH5p85Nnd3jhUJIXrszFX/JA==
  
  "@types/validator@^13.7.1":
    version "13.7.10"
    resolved "https://registry.yarnpkg.com/@types/validator/-/validator-13.7.10.tgz#f9763dc0933f8324920afa9c0790308eedf55ca7"
    integrity sha512-t1yxFAR2n0+VO6hd/FJ9F2uezAZVWHLmpmlJzm1eX03+H7+HsuTAp7L8QJs+2pQCfWkP1+EXsGK9Z9v7o/qPVQ==
  
  assured@^1.0.12:
    version "1.0.15"
    resolved "https://registry.yarnpkg.com/assured/-/assured-1.0.15.tgz#f87479e8eaed7bddf2a0589571e390c989e8fe17"
    integrity sha512-EVb4T+6m5VdlTJ6gbv4WjBM1rHfzXP2BspsQ6VLswcnIQSabjJy7A9YEuG4/KmfF+9OEuT5xhqVJ+V1tClD5ww==
    dependencies:
      noop6 "^1.0.1"
      sliced "^1.0.1"
  
  buffer-writer@2.0.0:
    version "2.0.0"
    resolved "https://registry.yarnpkg.com/buffer-writer/-/buffer-writer-2.0.0.tgz#ce7eb81a38f7829db09c873f2fbb792c0c98ec04"
    integrity sha512-a7ZpuTZU1TRtnwyCNW3I5dc0wWNC3VR9S++Ewyk2HHZdrO3CQJqSpd+95Us590V6AL7JqUAH2IwZ/398PmNFgw==
  
  debug@^4.3.3:
    version "4.3.4"
    resolved "https://registry.yarnpkg.com/debug/-/debug-4.3.4.tgz#1319f6579357f2338d3337d2cdd4914bb5dcc865"
    integrity sha512-PRWFHuSU3eDtQJPvnNY7Jcket1j0t5OuOsFzPPzsekD52Zl8qUfFIPEiswXqIvHWGVHOgX+7G/vCNNhehwxfkQ==
    dependencies:
      ms "2.1.2"
  
  deffy@^2.2.2:
    version "2.2.4"
    resolved "https://registry.yarnpkg.com/deffy/-/deffy-2.2.4.tgz#53c1b5f59b58a58150b1c9de5529229875c4cc17"
    integrity sha512-pLc9lsbsWjr6RxmJ2OLyvm+9l4j1yK69h+TML/gUit/t3vTijpkNGh8LioaJYTGO7F25m6HZndADcUOo2PsiUg==
    dependencies:
      typpy "^2.0.0"
  
  dottie@^2.0.2:
    version "2.0.2"
    resolved "https://registry.yarnpkg.com/dottie/-/dottie-2.0.2.tgz#cc91c0726ce3a054ebf11c55fbc92a7f266dd154"
    integrity sha512-fmrwR04lsniq/uSr8yikThDTrM7epXHBAAjH9TbeH3rEA8tdCO7mRzB9hdmdGyJCxF8KERo9CITcm3kGuoyMhg==
  
  follow-redirects@^1.4.1:
    version "1.15.2"
    resolved "https://registry.yarnpkg.com/follow-redirects/-/follow-redirects-1.15.2.tgz#b460864144ba63f2681096f274c4e57026da2c13"
    integrity sha512-VQLG33o04KaQ8uYi2tVNbdrWp1QWxNNea+nmIB4EVM28v0hmP17z7aG1+wAkNzVq4KeXTq3221ye5qTJP91JwA==
  
  function.name@^1.0.3:
    version "1.0.13"
    resolved "https://registry.yarnpkg.com/function.name/-/function.name-1.0.13.tgz#eef045abc4b5ff4e3e9d001a53ce14e090c971c6"
    integrity sha512-mVrqdoy5npWZyoXl4DxCeuVF6delDcQjVS9aPdvLYlBxtMTZDR2B5GVEQEoM1jJyspCqg3C0v4ABkLE7tp9xFA==
    dependencies:
      noop6 "^1.0.1"
  
  hapi-geo-locate@^4.1.1:
    version "4.1.1"
    resolved "https://registry.yarnpkg.com/hapi-geo-locate/-/hapi-geo-locate-4.1.1.tgz#c51d2ab873d9073754401ad3efcd7ff585b66ec5"
    integrity sha512-TIuwD5Mr8MVIWt66KAqRwqwGfyOXNyWckLs0JEkrI7QXxcV5uIVpzZi+BWpbfr28nt4r1HvMdJNMZwUb5jvNow==
    dependencies:
      "@supercharge/request-ip" "~1.0.0"
      ipinfo "~1.3.9"
  
  inflection@^1.13.2:
    version "1.13.4"
    resolved "https://registry.yarnpkg.com/inflection/-/inflection-1.13.4.tgz#65aa696c4e2da6225b148d7a154c449366633a32"
    integrity sha512-6I/HUDeYFfuNCVS3td055BaXBwKYuzw7K3ExVMStBowKo9oOAMJIXIHvdyR3iboTCp1b+1i5DSkIZTcwIktuDw==
  
  ipinfo@~1.3.9:
    version "1.3.10"
    resolved "https://registry.yarnpkg.com/ipinfo/-/ipinfo-1.3.10.tgz#57629c6c36bfd2a851fb411dc25612c258c03e4c"
    integrity sha512-XkyoTnSh8rmfn5odp4k68kRS5+tOFM+xY4bAQGMBTqLG+vcjmaG80viBIuiX1NcQrH7LOumXq+RBDuMCsSfh2Q==
    dependencies:
      jsonrequest "^4.1.3"
  
  jsonrequest@^4.1.3:
    version "4.2.6"
    resolved "https://registry.yarnpkg.com/jsonrequest/-/jsonrequest-4.2.6.tgz#96fd686e8ead9763d75869d565d9cdc8a9613015"
    integrity sha512-/icyab0LIq9158C/djgV4bxbqGKDoGjsZ1UqhI6WMEYHRk4sbAlsgsiUltoMZi66Ea6iogIpy32qqkkdLtswPg==
    dependencies:
      noop6 "^1.0.6"
      tinyreq "^3.0.1"
      ul "^5.0.0"
  
  lodash@^4.17.21:
    version "4.17.21"
    resolved "https://registry.yarnpkg.com/lodash/-/lodash-4.17.21.tgz#679591c564c3bffaae8454cf0b3df370c3d6911c"
    integrity sha512-v2kDEe57lecTulaDIuNTPy3Ry4gLGJ6Z1O3vE1krgXZNrsQ+LFTGHVxVjcXPs17LhbZVGedAJv8XZ1tvj5FvSg==
  
  lru-cache@^6.0.0:
    version "6.0.0"
    resolved "https://registry.yarnpkg.com/lru-cache/-/lru-cache-6.0.0.tgz#6d6fe6570ebd96aaf90fcad1dafa3b2566db3a94"
    integrity sha512-Jo6dJ04CmSjuznwJSS3pUeWmd/H0ffTlkXXgwZi+eq1UCmqQwCh+eLsYOYCwY991i2Fah4h1BEMCx4qThGbsiA==
    dependencies:
      yallist "^4.0.0"
  
  lru-cache@^7.10.2:
    version "7.14.1"
    resolved "https://registry.yarnpkg.com/lru-cache/-/lru-cache-7.14.1.tgz#8da8d2f5f59827edb388e63e459ac23d6d408fea"
    integrity sha512-ysxwsnTKdAx96aTRdhDOCQfDgbHnt8SK0KY8SEjO0wHinhWOFTESbjVCMPbU1uGXg/ch4lifqx0wfjOawU2+WA==
  
  mime-db@^1.52.0:
    version "1.52.0"
    resolved "https://registry.yarnpkg.com/mime-db/-/mime-db-1.52.0.tgz#bbabcdc02859f4987301c856e3387ce5ec43bf70"
    integrity sha512-sPU4uV7dYlvtWJxwwxHD0PuihVNiE7TyAbQ5SWxDCB9mUYvOgroQOwYQQOKPJ8CIbE+1ETVlOoK1UC2nU3gYvg==
  
  moment-timezone@^0.5.34:
    version "0.5.40"
    resolved "https://registry.yarnpkg.com/moment-timezone/-/moment-timezone-0.5.40.tgz#c148f5149fd91dd3e29bf481abc8830ecba16b89"
    integrity sha512-tWfmNkRYmBkPJz5mr9GVDn9vRlVZOTe6yqY92rFxiOdWXbjaR0+9LwQnZGGuNR63X456NqmEkbskte8tWL5ePg==
    dependencies:
      moment ">= 2.9.0"
  
  "moment@>= 2.9.0", moment@^2.29.1:
    version "2.29.4"
    resolved "https://registry.yarnpkg.com/moment/-/moment-2.29.4.tgz#3dbe052889fe7c1b2ed966fcb3a77328964ef108"
    integrity sha512-5LC9SOxjSc2HF6vO2CyuTDNivEdoz2IvyJJGj6X8DJ0eFyfszE0QiEd+iXmBvUP3WHxSjFH/vIsA0EN00cgr8w==
  
  ms@2.1.2:
    version "2.1.2"
    resolved "https://registry.yarnpkg.com/ms/-/ms-2.1.2.tgz#d09d1f357b443f493382a8eb3ccd183872ae6009"
    integrity sha512-sGkPx+VjMtmA6MX27oA4FBFELFCZZ4S4XqeGOXCv68tT+jb3vk/RyaKWP0PTKyWtmLSM0b+adUTEvbs1PEaH2w==
  
  noop6@^1.0.1, noop6@^1.0.6, noop6@^1.0.7:
    version "1.0.9"
    resolved "https://registry.yarnpkg.com/noop6/-/noop6-1.0.9.tgz#8749944c15c09f2cd2d562ac24f5a8341762a950"
    integrity sha512-DB3Hwyd89dPr5HqEPg3YHjzvwh/mCqizC1zZ8vyofqc+TQRyPDnT4wgXXbLGF4z9YAzwwTLi8pNLhGqcbSjgkA==
  
  packet-reader@1.0.0:
    version "1.0.0"
    resolved "https://registry.yarnpkg.com/packet-reader/-/packet-reader-1.0.0.tgz#9238e5480dedabacfe1fe3f2771063f164157d74"
    integrity sha512-HAKu/fG3HpHFO0AA8WE8q2g+gBJaZ9MG7fcKk+IJPLTGAD6Psw4443l+9DGRbOIh3/aXr7Phy0TjilYivJo5XQ==
  
  pg-connection-string@^2.5.0:
    version "2.5.0"
    resolved "https://registry.yarnpkg.com/pg-connection-string/-/pg-connection-string-2.5.0.tgz#538cadd0f7e603fc09a12590f3b8a452c2c0cf34"
    integrity sha512-r5o/V/ORTA6TmUnyWZR9nCj1klXCO2CEKNRlVuJptZe85QuhFayC7WeMic7ndayT5IRIR0S0xFxFi2ousartlQ==
  
  pg-hstore@^2.3.4:
    version "2.3.4"
    resolved "https://registry.yarnpkg.com/pg-hstore/-/pg-hstore-2.3.4.tgz#4425e3e2a3e15d2a334c35581186c27cf2e9b8dd"
    integrity sha512-N3SGs/Rf+xA1M2/n0JBiXFDVMzdekwLZLAO0g7mpDY9ouX+fDI7jS6kTq3JujmYbtNSJ53TJ0q4G98KVZSM4EA==
    dependencies:
      underscore "^1.13.1"
  
  pg-int8@1.0.1:
    version "1.0.1"
    resolved "https://registry.yarnpkg.com/pg-int8/-/pg-int8-1.0.1.tgz#943bd463bf5b71b4170115f80f8efc9a0c0eb78c"
    integrity sha512-WCtabS6t3c8SkpDBUlb1kjOs7l66xsGdKpIPZsg4wR+B3+u9UAum2odSsF9tnvxg80h4ZxLWMy4pRjOsFIqQpw==
  
  pg-pool@^3.5.2:
    version "3.5.2"
    resolved "https://registry.yarnpkg.com/pg-pool/-/pg-pool-3.5.2.tgz#ed1bed1fb8d79f1c6fd5fb1c99e990fbf9ddf178"
    integrity sha512-His3Fh17Z4eg7oANLob6ZvH8xIVen3phEZh2QuyrIl4dQSDVEabNducv6ysROKpDNPSD+12tONZVWfSgMvDD9w==
  
  pg-protocol@^1.5.0:
    version "1.5.0"
    resolved "https://registry.yarnpkg.com/pg-protocol/-/pg-protocol-1.5.0.tgz#b5dd452257314565e2d54ab3c132adc46565a6a0"
    integrity sha512-muRttij7H8TqRNu/DxrAJQITO4Ac7RmX3Klyr/9mJEOBeIpgnF8f9jAfRz5d3XwQZl5qBjF9gLsUtMPJE0vezQ==
  
  pg-types@^2.1.0:
    version "2.2.0"
    resolved "https://registry.yarnpkg.com/pg-types/-/pg-types-2.2.0.tgz#2d0250d636454f7cfa3b6ae0382fdfa8063254a3"
    integrity sha512-qTAAlrEsl8s4OiEQY69wDvcMIdQN6wdz5ojQiOy6YRMuynxenON0O5oCpJI6lshc6scgAY8qvJ2On/p+CXY0GA==
    dependencies:
      pg-int8 "1.0.1"
      postgres-array "~2.0.0"
      postgres-bytea "~1.0.0"
      postgres-date "~1.0.4"
      postgres-interval "^1.1.0"
  
  pg@^8.8.0:
    version "8.8.0"
    resolved "https://registry.yarnpkg.com/pg/-/pg-8.8.0.tgz#a77f41f9d9ede7009abfca54667c775a240da686"
    integrity sha512-UXYN0ziKj+AeNNP7VDMwrehpACThH7LUl/p8TDFpEUuSejCUIwGSfxpHsPvtM6/WXFy6SU4E5RG4IJV/TZAGjw==
    dependencies:
      buffer-writer "2.0.0"
      packet-reader "1.0.0"
      pg-connection-string "^2.5.0"
      pg-pool "^3.5.2"
      pg-protocol "^1.5.0"
      pg-types "^2.1.0"
      pgpass "1.x"
  
  pgpass@1.x:
    version "1.0.5"
    resolved "https://registry.yarnpkg.com/pgpass/-/pgpass-1.0.5.tgz#9b873e4a564bb10fa7a7dbd55312728d422a223d"
    integrity sha512-FdW9r/jQZhSeohs1Z3sI1yxFQNFvMcnmfuj4WBMUTxOrAyLMaTcE1aAMBiTlbMNaXvBCQuVi0R7hd8udDSP7ug==
    dependencies:
      split2 "^4.1.0"
  
  postgres-array@~2.0.0:
    version "2.0.0"
    resolved "https://registry.yarnpkg.com/postgres-array/-/postgres-array-2.0.0.tgz#48f8fce054fbc69671999329b8834b772652d82e"
    integrity sha512-VpZrUqU5A69eQyW2c5CA1jtLecCsN2U/bD6VilrFDWq5+5UIEVO7nazS3TEcHf1zuPYO/sqGvUvW62g86RXZuA==
  
  postgres-bytea@~1.0.0:
    version "1.0.0"
    resolved "https://registry.yarnpkg.com/postgres-bytea/-/postgres-bytea-1.0.0.tgz#027b533c0aa890e26d172d47cf9ccecc521acd35"
    integrity sha512-xy3pmLuQqRBZBXDULy7KbaitYqLcmxigw14Q5sj8QBVLqEwXfeybIKVWiqAXTlcvdvb0+xkOtDbfQMOf4lST1w==
  
  postgres-date@~1.0.4:
    version "1.0.7"
    resolved "https://registry.yarnpkg.com/postgres-date/-/postgres-date-1.0.7.tgz#51bc086006005e5061c591cee727f2531bf641a8"
    integrity sha512-suDmjLVQg78nMK2UZ454hAG+OAW+HQPZ6n++TNDUX+L0+uUlLywnoxJKDou51Zm+zTCjrCl0Nq6J9C5hP9vK/Q==
  
  postgres-interval@^1.1.0:
    version "1.2.0"
    resolved "https://registry.yarnpkg.com/postgres-interval/-/postgres-interval-1.2.0.tgz#b460c82cb1587507788819a06aa0fffdb3544695"
    integrity sha512-9ZhXKM/rw350N1ovuWHbGxnGh/SNJ4cnxHiM0rxE4VN41wsg8P8zWn9hv/buK00RP4WvlOyr/RBDiptyxVbkZQ==
    dependencies:
      xtend "^4.0.0"
  
  retry-as-promised@^7.0.3:
    version "7.0.3"
    resolved "https://registry.yarnpkg.com/retry-as-promised/-/retry-as-promised-7.0.3.tgz#ca3c13b15525a7bfbf0f56d2996f0e75649d068b"
    integrity sha512-SEvMa4khHvpU/o6zgh7sK24qm6rxVgKnrSyzb5POeDvZx5N9Bf0s5sQsQ4Fl+HjRp0X+w2UzACGfUnXtx6cJ9Q==
  
  semver@^7.3.5:
    version "7.3.8"
    resolved "https://registry.yarnpkg.com/semver/-/semver-7.3.8.tgz#07a78feafb3f7b32347d725e33de7e2a2df67798"
    integrity sha512-NB1ctGL5rlHrPJtFDVIVzTyQylMLu9N9VICA6HSFJo8MCGVTMW6gfpicwKmmK/dAjTOrqu5l63JJOpDSrAis3A==
    dependencies:
      lru-cache "^6.0.0"
  
  sequelize-pool@^7.1.0:
    version "7.1.0"
    resolved "https://registry.yarnpkg.com/sequelize-pool/-/sequelize-pool-7.1.0.tgz#210b391af4002762f823188fd6ecfc7413020768"
    integrity sha512-G9c0qlIWQSK29pR/5U2JF5dDQeqqHRragoyahj/Nx4KOOQ3CPPfzxnfqFPCSB7x5UgjOgnZ61nSxz+fjDpRlJg==
  
  sequelize@^6.28.0:
    version "6.28.0"
    resolved "https://registry.yarnpkg.com/sequelize/-/sequelize-6.28.0.tgz#d6bc4e36647e8501635467c0777c45a33f5d5ba8"
    integrity sha512-+WHqvUQgTp19GLkt+gyQ+F6qg+FIEO2O5F9C0TOYV/PjZ2a/XwWvVkL1NCkS4VSIjVVvAUutiW6Wv9ofveGaVw==
    dependencies:
      "@types/debug" "^4.1.7"
      "@types/validator" "^13.7.1"
      debug "^4.3.3"
      dottie "^2.0.2"
      inflection "^1.13.2"
      lodash "^4.17.21"
      moment "^2.29.1"
      moment-timezone "^0.5.34"
      pg-connection-string "^2.5.0"
      retry-as-promised "^7.0.3"
      semver "^7.3.5"
      sequelize-pool "^7.1.0"
      toposort-class "^1.0.1"
      uuid "^8.3.2"
      validator "^13.7.0"
      wkx "^0.5.0"
  
  sliced@^1.0.1:
    version "1.0.1"
    resolved "https://registry.yarnpkg.com/sliced/-/sliced-1.0.1.tgz#0b3a662b5d04c3177b1926bea82b03f837a2ef41"
    integrity sha512-VZBmZP8WU3sMOZm1bdgTadsQbcscK0UM8oKxKVBs4XAhUo2Xxzm/OFMGBkPusxw9xL3Uy8LrzEqGqJhclsr0yA==
  
  split2@^4.1.0:
    version "4.1.0"
    resolved "https://registry.yarnpkg.com/split2/-/split2-4.1.0.tgz#101907a24370f85bb782f08adaabe4e281ecf809"
    integrity sha512-VBiJxFkxiXRlUIeyMQi8s4hgvKCSjtknJv/LVYbrgALPwf5zSKmEwV9Lst25AkvMDnvxODugjdl6KZgwKM1WYQ==
  
  tinyreq@^3.0.1:
    version "3.4.2"
    resolved "https://registry.yarnpkg.com/tinyreq/-/tinyreq-3.4.2.tgz#77eacb8033e126eea7dfcfd43539b92fef652831"
    integrity sha512-VHl9n2w2t1HD9ftvbmYMA99g/yeioIRhpxT5cazb/jo2Vld5ZtPEVW4PhBFgNXjdL2ch8j6z0cawDCF7eIFZsQ==
    dependencies:
      assured "^1.0.12"
      follow-redirects "^1.4.1"
      noop6 "^1.0.7"
      ul "^5.2.13"
  
  toposort-class@^1.0.1:
    version "1.0.1"
    resolved "https://registry.yarnpkg.com/toposort-class/-/toposort-class-1.0.1.tgz#7ffd1f78c8be28c3ba45cd4e1a3f5ee193bd9988"
    integrity sha512-OsLcGGbYF3rMjPUf8oKktyvCiUxSbqMMS39m33MAjLTC1DVIH6x3WSt63/M77ihI09+Sdfk1AXvfhCEeUmC7mg==
  
  typpy@^2.0.0, typpy@^2.3.4:
    version "2.3.13"
    resolved "https://registry.yarnpkg.com/typpy/-/typpy-2.3.13.tgz#7e16a3aa83d7eecdfbd5ee615b9ffd785887ee7e"
    integrity sha512-vOxIcQz9sxHi+rT09SJ5aDgVgrPppQjwnnayTrMye1ODaU8gIZTDM19t9TxmEElbMihx2Nq/0/b/MtyKfayRqA==
    dependencies:
      function.name "^1.0.3"
  
  ul@^5.0.0, ul@^5.2.13:
    version "5.2.15"
    resolved "https://registry.yarnpkg.com/ul/-/ul-5.2.15.tgz#426425355ae15df2d5d09b351aade26ed06dd9ed"
    integrity sha512-svLEUy8xSCip5IWnsRa0UOg+2zP0Wsj4qlbjTmX6GJSmvKMHADBuHOm1dpNkWqWPIGuVSqzUkV3Cris5JrlTRQ==
    dependencies:
      deffy "^2.2.2"
      typpy "^2.3.4"
  
  underscore@^1.13.1:
    version "1.13.6"
    resolved "https://registry.yarnpkg.com/underscore/-/underscore-1.13.6.tgz#04786a1f589dc6c09f761fc5f45b89e935136441"
    integrity sha512-+A5Sja4HP1M08MaXya7p5LvjuM7K6q/2EaC0+iovj/wOcMsTzMvDFbasi/oSapiwOlt252IqsKqPjCl7huKS0A==
  
  uuid@^8.3.2:
    version "8.3.2"
    resolved "https://registry.yarnpkg.com/uuid/-/uuid-8.3.2.tgz#80d5b5ced271bb9af6c445f21a1a04c606cefbe2"
    integrity sha512-+NYs2QeMWy+GWFOEm9xnn6HCDp0l7QBD7ml8zLUmJ+93Q5NF0NocErnwkTkXVFNiX3/fpC6afS8Dhb/gz7R7eg==
  
  validator@^13.7.0:
    version "13.7.0"
    resolved "https://registry.yarnpkg.com/validator/-/validator-13.7.0.tgz#4f9658ba13ba8f3d82ee881d3516489ea85c0857"
    integrity sha512-nYXQLCBkpJ8X6ltALua9dRrZDHVYxjJ1wgskNt1lH9fzGjs3tgojGSCBjmEPwkWS1y29+DrizMTW19Pr9uB2nw==
  
  wkx@^0.5.0:
    version "0.5.0"
    resolved "https://registry.yarnpkg.com/wkx/-/wkx-0.5.0.tgz#c6c37019acf40e517cc6b94657a25a3d4aa33e8c"
    integrity sha512-Xng/d4Ichh8uN4l0FToV/258EjMGU9MGcA0HV2d9B/ZpZB3lqQm7nkOdZdm5GhKtLLhAE7PiVQwN4eN+2YJJUg==
    dependencies:
      "@types/node" "*"
  
  xtend@^4.0.0:
    version "4.0.2"
    resolved "https://registry.yarnpkg.com/xtend/-/xtend-4.0.2.tgz#bb72779f5fa465186b1f438f674fa347fdb5db54"
    integrity sha512-LKYU1iAXJXUgAXn9URjiu+MWhyUXHsvfp7mcuYm9dSUKK0/CjtrUwFAxD82/mCWbtLsGjFIad0wIsod4zrTAEQ==
  
  yallist@^4.0.0:
    version "4.0.0"
    resolved "https://registry.yarnpkg.com/yallist/-/yallist-4.0.0.tgz#9bb92790d9c0effec63be73519e11a35019a3a72"
    integrity sha512-3wdGidZyq5PB084XLES5TpOSRA3wjXAlIWMhum2kRcv/41Sn2emQ0dycQW4uZXLejwKvg6EsvbdlVL+FYEct7A==
